{"uuid":"f9db1ac6-b334-40c0-ac75-09e22da4a1f5","historyId":"9037e1087a60022edc643ec07a0b55aa","fullName":"tests.HomePageTests.e2dTest","labels":[{"name":"package","value":"tests.HomePageTests"},{"name":"testClass","value":"tests.HomePageTests"},{"name":"testMethod","value":"e2dTest"},{"name":"parentSuite","value":"Ecommerce Suite"},{"name":"suite","value":"Test Group 2"},{"name":"subSuite","value":"tests.HomePageTests"},{"name":"host","value":"DESKTOP-6HEQEGA"},{"name":"thread","value":"1452@DESKTOP-6HEQEGA.TestNG-test-Test Group 2-3(267)"},{"name":"framework","value":"testng"},{"name":"language","value":"java"}],"links":[],"name":"e2dTest","status":"broken","statusDetails":{"known":false,"muted":false,"flaky":false,"message":"Expected condition failed: element isn't visible (tried for 15 second(s) with 200 milliseconds interval)\nBuild info: version: '4.28.1', revision: '73f5ad48a2'\nSystem info: os.name: 'Windows 11', os.arch: 'amd64', os.version: '10.0', java.version: '22.0.1'\nDriver info: driver.version: unknown","trace":"org.openqa.selenium.TimeoutException: Expected condition failed: element isn't visible (tried for 15 second(s) with 200 milliseconds interval)\nBuild info: version: '4.28.1', revision: '73f5ad48a2'\nSystem info: os.name: 'Windows 11', os.arch: 'amd64', os.version: '10.0', java.version: '22.0.1'\nDriver info: driver.version: unknown\r\n\tat org.openqa.selenium.support.ui.FluentWait.timeoutException(FluentWait.java:265)\r\n\tat org.openqa.selenium.support.ui.FluentWait.until(FluentWait.java:228)\r\n\tat utilities.ElementActions.clickButton(ElementActions.java:50)\r\n\tat pages.CheckoutPage.clickBillingAgreebtn(CheckoutPage.java:179)\r\n\tat tests.HomePageTests.e2dTest(HomePageTests.java:43)\r\n\tat java.base/jdk.internal.reflect.DirectMethodHandleAccessor.invoke(DirectMethodHandleAccessor.java:103)\r\n\tat java.base/java.lang.reflect.Method.invoke(Method.java:580)\r\n\tat org.testng.internal.invokers.MethodInvocationHelper.invokeMethod(MethodInvocationHelper.java:141)\r\n\tat org.testng.internal.invokers.TestInvoker.invokeMethod(TestInvoker.java:686)\r\n\tat org.testng.internal.invokers.TestInvoker.invokeTestMethod(TestInvoker.java:230)\r\n\tat org.testng.internal.invokers.MethodRunner.runInSequence(MethodRunner.java:63)\r\n\tat org.testng.internal.invokers.TestInvoker$MethodInvocationAgent.invoke(TestInvoker.java:992)\r\n\tat org.testng.internal.invokers.TestInvoker.invokeTestMethods(TestInvoker.java:203)\r\n\tat org.testng.internal.invokers.TestMethodWorker.invokeTestMethods(TestMethodWorker.java:154)\r\n\tat org.testng.internal.invokers.TestMethodWorker.run(TestMethodWorker.java:134)\r\n\tat java.base/java.util.concurrent.Executors$RunnableAdapter.call(Executors.java:572)\r\n\tat java.base/java.util.concurrent.FutureTask.run$$$capture(FutureTask.java:317)\r\n\tat java.base/java.util.concurrent.FutureTask.run(FutureTask.java)\r\n\tat --- Async.Stack.Trace --- (captured by IntelliJ IDEA debugger)\r\n\tat java.base/java.util.concurrent.FutureTask.<init>(FutureTask.java:151)\r\n\tat org.testng.internal.thread.graph.TestNGFutureTask.<init>(TestNGFutureTask.java:15)\r\n\tat org.testng.internal.thread.graph.GraphOrchestrator.runNodes(GraphOrchestrator.java:58)\r\n\tat org.testng.internal.thread.graph.GraphOrchestrator.run(GraphOrchestrator.java:46)\r\n\tat org.testng.TestTaskExecutor.execute(TestTaskExecutor.java:69)\r\n\tat org.testng.TestRunner.privateRun(TestRunner.java:720)\r\n\tat org.testng.TestRunner.run(TestRunner.java:614)\r\n\tat org.testng.SuiteRunner.runTest(SuiteRunner.java:421)\r\n\tat org.testng.SuiteRunner.runSequentially(SuiteRunner.java:413)\r\n\tat org.testng.SuiteRunner.privateRun(SuiteRunner.java:373)\r\n\tat org.testng.SuiteRunner.run(SuiteRunner.java:312)\r\n\tat org.testng.SuiteRunnerWorker.runSuite(SuiteRunnerWorker.java:52)\r\n\tat org.testng.SuiteRunnerWorker.run(SuiteRunnerWorker.java:95)\r\n\tat org.testng.TestNG.runSuitesSequentially(TestNG.java:1274)\r\n\tat org.testng.TestNG.runSuitesLocally(TestNG.java:1208)\r\n\tat org.testng.TestNG.runSuites(TestNG.java:1112)\r\n\tat org.testng.TestNG.run(TestNG.java:1079)\r\n\tat com.intellij.rt.testng.IDEARemoteTestNG.run(IDEARemoteTestNG.java:65)\r\n\tat com.intellij.rt.testng.RemoteTestNGStarter.main(RemoteTestNGStarter.java:105)\r\n"},"stage":"finished","steps":[{"name":"Fill login form with data key: validLogin","status":"passed","stage":"finished","steps":[{"name":"click login button","status":"passed","stage":"finished","steps":[],"attachments":[],"parameters":[],"start":1744673253427,"stop":1744673256177},{"name":"enter email address","status":"passed","stage":"finished","steps":[],"attachments":[],"parameters":[{"name":"s","value":"1111@yahoo.com"}],"start":1744673256178,"stop":1744673258979},{"name":"enter password","status":"passed","stage":"finished","steps":[],"attachments":[],"parameters":[{"name":"s","value":"123456"}],"start":1744673258979,"stop":1744673260595},{"name":"click login button","status":"passed","stage":"finished","steps":[],"attachments":[],"parameters":[],"start":1744673260595,"stop":1744673265841}],"attachments":[],"parameters":[{"name":"dataKey","value":"validLogin"}],"start":1744673246813,"stop":1744673265844},{"name":"Click on 'HTC Touch HD' product from top products section","status":"passed","stage":"finished","steps":[],"attachments":[],"parameters":[{"name":"s","value":"HTC Touch HD"}],"start":1744673270005,"stop":1744673279662},{"name":"Click on the Add to Cart button","status":"passed","stage":"finished","steps":[],"attachments":[],"parameters":[],"start":1744673279662,"stop":1744673281979},{"name":"Navigate to the Shopping Cart page","status":"passed","stage":"finished","steps":[],"attachments":[],"parameters":[],"start":1744673281979,"stop":1744673285706},{"name":"Click checkout button","status":"passed","stage":"finished","steps":[],"attachments":[],"parameters":[],"start":1744673285707,"stop":1744673290010},{"name":"Click billing agreement checkbox","status":"broken","statusDetails":{"known":false,"muted":false,"flaky":false,"message":"Expected condition failed: element isn't visible (tried for 15 second(s) with 200 milliseconds interval)\nBuild info: version: '4.28.1', revision: '73f5ad48a2'\nSystem info: os.name: 'Windows 11', os.arch: 'amd64', os.version: '10.0', java.version: '22.0.1'\nDriver info: driver.version: unknown","trace":"org.openqa.selenium.TimeoutException: Expected condition failed: element isn't visible (tried for 15 second(s) with 200 milliseconds interval)\nBuild info: version: '4.28.1', revision: '73f5ad48a2'\nSystem info: os.name: 'Windows 11', os.arch: 'amd64', os.version: '10.0', java.version: '22.0.1'\nDriver info: driver.version: unknown\r\n\tat org.openqa.selenium.support.ui.FluentWait.timeoutException(FluentWait.java:265)\r\n\tat org.openqa.selenium.support.ui.FluentWait.until(FluentWait.java:228)\r\n\tat utilities.ElementActions.clickButton(ElementActions.java:50)\r\n\tat pages.CheckoutPage.clickBillingAgreebtn(CheckoutPage.java:179)\r\n\tat tests.HomePageTests.e2dTest(HomePageTests.java:43)\r\n\tat java.base/jdk.internal.reflect.DirectMethodHandleAccessor.invoke(DirectMethodHandleAccessor.java:103)\r\n\tat java.base/java.lang.reflect.Method.invoke(Method.java:580)\r\n\tat org.testng.internal.invokers.MethodInvocationHelper.invokeMethod(MethodInvocationHelper.java:141)\r\n\tat org.testng.internal.invokers.TestInvoker.invokeMethod(TestInvoker.java:686)\r\n\tat org.testng.internal.invokers.TestInvoker.invokeTestMethod(TestInvoker.java:230)\r\n\tat org.testng.internal.invokers.MethodRunner.runInSequence(MethodRunner.java:63)\r\n\tat org.testng.internal.invokers.TestInvoker$MethodInvocationAgent.invoke(TestInvoker.java:992)\r\n\tat org.testng.internal.invokers.TestInvoker.invokeTestMethods(TestInvoker.java:203)\r\n\tat org.testng.internal.invokers.TestMethodWorker.invokeTestMethods(TestMethodWorker.java:154)\r\n\tat org.testng.internal.invokers.TestMethodWorker.run(TestMethodWorker.java:134)\r\n\tat java.base/java.util.concurrent.Executors$RunnableAdapter.call(Executors.java:572)\r\n\tat java.base/java.util.concurrent.FutureTask.run$$$capture(FutureTask.java:317)\r\n\tat java.base/java.util.concurrent.FutureTask.run(FutureTask.java)\r\n\tat --- Async.Stack.Trace --- (captured by IntelliJ IDEA debugger)\r\n\tat java.base/java.util.concurrent.FutureTask.<init>(FutureTask.java:151)\r\n\tat org.testng.internal.thread.graph.TestNGFutureTask.<init>(TestNGFutureTask.java:15)\r\n\tat org.testng.internal.thread.graph.GraphOrchestrator.runNodes(GraphOrchestrator.java:58)\r\n\tat org.testng.internal.thread.graph.GraphOrchestrator.run(GraphOrchestrator.java:46)\r\n\tat org.testng.TestTaskExecutor.execute(TestTaskExecutor.java:69)\r\n\tat org.testng.TestRunner.privateRun(TestRunner.java:720)\r\n\tat org.testng.TestRunner.run(TestRunner.java:614)\r\n\tat org.testng.SuiteRunner.runTest(SuiteRunner.java:421)\r\n\tat org.testng.SuiteRunner.runSequentially(SuiteRunner.java:413)\r\n\tat org.testng.SuiteRunner.privateRun(SuiteRunner.java:373)\r\n\tat org.testng.SuiteRunner.run(SuiteRunner.java:312)\r\n\tat org.testng.SuiteRunnerWorker.runSuite(SuiteRunnerWorker.java:52)\r\n\tat org.testng.SuiteRunnerWorker.run(SuiteRunnerWorker.java:95)\r\n\tat org.testng.TestNG.runSuitesSequentially(TestNG.java:1274)\r\n\tat org.testng.TestNG.runSuitesLocally(TestNG.java:1208)\r\n\tat org.testng.TestNG.runSuites(TestNG.java:1112)\r\n\tat org.testng.TestNG.run(TestNG.java:1079)\r\n\tat com.intellij.rt.testng.IDEARemoteTestNG.run(IDEARemoteTestNG.java:65)\r\n\tat com.intellij.rt.testng.RemoteTestNGStarter.main(RemoteTestNGStarter.java:105)\r\n"},"stage":"finished","steps":[],"attachments":[],"parameters":[],"start":1744673290010,"stop":1744673305060}],"attachments":[],"parameters":[],"start":1744673246811,"stop":1744673305063}