{"uid":"16e57bec74e6b918","name":"Search and validate product names with valid key","fullName":"tests.SeachTests.searchWithValidKey","historyId":"e1e93c5bf807e1ab50bb760fb4565620","time":{"start":1745341540715,"stop":1745341545540,"duration":4825},"status":"failed","statusMessage":"The following asserts failed:\n\tExpected product name to contain 'iMac', but got: HTC Touch HD expected [true] but found [false],\n\tExpected product name to contain 'iMac', but got: Palm Treo Pro expected [true] but found [false],\n\tExpected product name to contain 'iMac', but got: Canon EOS 5D expected [true] but found [false],\n\tExpected product name to contain 'iMac', but got: Nikon D300 expected [true] but found [false],\n\tExpected product name to contain 'iMac', but got: iPod Touch expected [true] but found [false],\n\tExpected product name to contain 'iMac', but got: Samsung SyncMaster 941BW expected [true] but found [false],\n\tExpected product name to contain 'iMac', but got: iPod Shuffle expected [true] but found [false],\n\tExpected product name to contain 'iMac', but got: iPod Nano expected [true] but found [false],\n\tExpected product name to contain 'iMac', but got: iPhone expected [true] but found [false],\n\tExpected product name to contain 'iMac', but got: Apple Cinema 30\" expected [true] but found [false],\n\tExpected product name to contain 'iMac', but got: MacBook expected [true] but found [false],\n\tExpected product name to contain 'iMac', but got: MacBook Air expected [true] but found [false],\n\tExpected product name to contain 'iMac', but got: MacBook Pro expected [true] but found [false],\n\tExpected product name to contain 'iMac', but got: Sony VAIO expected [true] but found [false]","statusTrace":"java.lang.AssertionError: The following asserts failed:\n\tExpected product name to contain 'iMac', but got: HTC Touch HD expected [true] but found [false],\n\tExpected product name to contain 'iMac', but got: Palm Treo Pro expected [true] but found [false],\n\tExpected product name to contain 'iMac', but got: Canon EOS 5D expected [true] but found [false],\n\tExpected product name to contain 'iMac', but got: Nikon D300 expected [true] but found [false],\n\tExpected product name to contain 'iMac', but got: iPod Touch expected [true] but found [false],\n\tExpected product name to contain 'iMac', but got: Samsung SyncMaster 941BW expected [true] but found [false],\n\tExpected product name to contain 'iMac', but got: iPod Shuffle expected [true] but found [false],\n\tExpected product name to contain 'iMac', but got: iPod Nano expected [true] but found [false],\n\tExpected product name to contain 'iMac', but got: iPhone expected [true] but found [false],\n\tExpected product name to contain 'iMac', but got: Apple Cinema 30\" expected [true] but found [false],\n\tExpected product name to contain 'iMac', but got: MacBook expected [true] but found [false],\n\tExpected product name to contain 'iMac', but got: MacBook Air expected [true] but found [false],\n\tExpected product name to contain 'iMac', but got: MacBook Pro expected [true] but found [false],\n\tExpected product name to contain 'iMac', but got: Sony VAIO expected [true] but found [false]\r\n\tat org.testng.asserts.SoftAssert.assertAll(SoftAssert.java:46)\r\n\tat org.testng.asserts.SoftAssert.assertAll(SoftAssert.java:30)\r\n\tat tests.SeachTests.searchWithValidKey(SeachTests.java:91)\r\n\tat java.base/jdk.internal.reflect.DirectMethodHandleAccessor.invoke(DirectMethodHandleAccessor.java:103)\r\n\tat java.base/java.lang.reflect.Method.invoke(Method.java:580)\r\n\tat org.testng.internal.invokers.MethodInvocationHelper.invokeMethod(MethodInvocationHelper.java:141)\r\n\tat org.testng.internal.invokers.TestInvoker.invokeMethod(TestInvoker.java:686)\r\n\tat org.testng.internal.invokers.TestInvoker.invokeTestMethod(TestInvoker.java:230)\r\n\tat org.testng.internal.invokers.MethodRunner.runInSequence(MethodRunner.java:63)\r\n\tat org.testng.internal.invokers.TestInvoker$MethodInvocationAgent.invoke(TestInvoker.java:992)\r\n\tat org.testng.internal.invokers.TestInvoker.invokeTestMethods(TestInvoker.java:203)\r\n\tat org.testng.internal.invokers.TestMethodWorker.invokeTestMethods(TestMethodWorker.java:154)\r\n\tat org.testng.internal.invokers.TestMethodWorker.run(TestMethodWorker.java:134)\r\n\tat java.base/java.util.ArrayList.forEach(ArrayList.java:1596)\r\n\tat org.testng.TestRunner.privateRun(TestRunner.java:739)\r\n\tat org.testng.TestRunner.run(TestRunner.java:614)\r\n\tat org.testng.SuiteRunner.runTest(SuiteRunner.java:421)\r\n\tat org.testng.SuiteRunner.runSequentially(SuiteRunner.java:413)\r\n\tat org.testng.SuiteRunner.privateRun(SuiteRunner.java:373)\r\n\tat org.testng.SuiteRunner.run(SuiteRunner.java:312)\r\n\tat org.testng.SuiteRunnerWorker.runSuite(SuiteRunnerWorker.java:52)\r\n\tat org.testng.SuiteRunnerWorker.run(SuiteRunnerWorker.java:95)\r\n\tat org.testng.TestNG.runSuitesSequentially(TestNG.java:1274)\r\n\tat org.testng.TestNG.runSuitesLocally(TestNG.java:1208)\r\n\tat org.testng.TestNG.runSuites(TestNG.java:1112)\r\n\tat org.testng.TestNG.run(TestNG.java:1079)\r\n\tat com.intellij.rt.testng.IDEARemoteTestNG.run(IDEARemoteTestNG.java:65)\r\n\tat com.intellij.rt.testng.RemoteTestNGStarter.main(RemoteTestNGStarter.java:105)\r\n","flaky":false,"newFailed":false,"newBroken":false,"newPassed":false,"retriesCount":0,"retriesStatusChange":false,"beforeStages":[{"name":"setup","time":{"start":1745341504173,"stop":1745341507655,"duration":3482},"description":"","status":"passed","steps":[{"name":"Setup WebDriver and navigate to homepage","time":{"start":1745341504174,"stop":1745341507654,"duration":3480},"status":"passed","steps":[],"attachments":[],"parameters":[],"hasContent":false,"shouldDisplayMessage":false,"attachmentsCount":0,"attachmentStep":false,"stepsCount":0}],"attachments":[{"uid":"426cae33e8b3e572","name":"logs","source":"426cae33e8b3e572.txt","type":"text/plain","size":19}],"parameters":[],"hasContent":true,"shouldDisplayMessage":false,"attachmentsCount":1,"attachmentStep":false,"stepsCount":1},{"name":"setMethod","time":{"start":1745341539609,"stop":1745341540712,"duration":1103},"description":"","status":"passed","steps":[],"attachments":[{"uid":"63cbe2f4c7cd8746","name":"logs","source":"63cbe2f4c7cd8746.txt","type":"text/plain","size":23}],"parameters":[],"hasContent":true,"shouldDisplayMessage":false,"attachmentsCount":1,"attachmentStep":false,"stepsCount":0}],"testStage":{"status":"failed","statusMessage":"The following asserts failed:\n\tExpected product name to contain 'iMac', but got: HTC Touch HD expected [true] but found [false],\n\tExpected product name to contain 'iMac', but got: Palm Treo Pro expected [true] but found [false],\n\tExpected product name to contain 'iMac', but got: Canon EOS 5D expected [true] but found [false],\n\tExpected product name to contain 'iMac', but got: Nikon D300 expected [true] but found [false],\n\tExpected product name to contain 'iMac', but got: iPod Touch expected [true] but found [false],\n\tExpected product name to contain 'iMac', but got: Samsung SyncMaster 941BW expected [true] but found [false],\n\tExpected product name to contain 'iMac', but got: iPod Shuffle expected [true] but found [false],\n\tExpected product name to contain 'iMac', but got: iPod Nano expected [true] but found [false],\n\tExpected product name to contain 'iMac', but got: iPhone expected [true] but found [false],\n\tExpected product name to contain 'iMac', but got: Apple Cinema 30\" expected [true] but found [false],\n\tExpected product name to contain 'iMac', but got: MacBook expected [true] but found [false],\n\tExpected product name to contain 'iMac', but got: MacBook Air expected [true] but found [false],\n\tExpected product name to contain 'iMac', but got: MacBook Pro expected [true] but found [false],\n\tExpected product name to contain 'iMac', but got: Sony VAIO expected [true] but found [false]","statusTrace":"java.lang.AssertionError: The following asserts failed:\n\tExpected product name to contain 'iMac', but got: HTC Touch HD expected [true] but found [false],\n\tExpected product name to contain 'iMac', but got: Palm Treo Pro expected [true] but found [false],\n\tExpected product name to contain 'iMac', but got: Canon EOS 5D expected [true] but found [false],\n\tExpected product name to contain 'iMac', but got: Nikon D300 expected [true] but found [false],\n\tExpected product name to contain 'iMac', but got: iPod Touch expected [true] but found [false],\n\tExpected product name to contain 'iMac', but got: Samsung SyncMaster 941BW expected [true] but found [false],\n\tExpected product name to contain 'iMac', but got: iPod Shuffle expected [true] but found [false],\n\tExpected product name to contain 'iMac', but got: iPod Nano expected [true] but found [false],\n\tExpected product name to contain 'iMac', but got: iPhone expected [true] but found [false],\n\tExpected product name to contain 'iMac', but got: Apple Cinema 30\" expected [true] but found [false],\n\tExpected product name to contain 'iMac', but got: MacBook expected [true] but found [false],\n\tExpected product name to contain 'iMac', but got: MacBook Air expected [true] but found [false],\n\tExpected product name to contain 'iMac', but got: MacBook Pro expected [true] but found [false],\n\tExpected product name to contain 'iMac', but got: Sony VAIO expected [true] but found [false]\r\n\tat org.testng.asserts.SoftAssert.assertAll(SoftAssert.java:46)\r\n\tat org.testng.asserts.SoftAssert.assertAll(SoftAssert.java:30)\r\n\tat tests.SeachTests.searchWithValidKey(SeachTests.java:91)\r\n\tat java.base/jdk.internal.reflect.DirectMethodHandleAccessor.invoke(DirectMethodHandleAccessor.java:103)\r\n\tat java.base/java.lang.reflect.Method.invoke(Method.java:580)\r\n\tat org.testng.internal.invokers.MethodInvocationHelper.invokeMethod(MethodInvocationHelper.java:141)\r\n\tat org.testng.internal.invokers.TestInvoker.invokeMethod(TestInvoker.java:686)\r\n\tat org.testng.internal.invokers.TestInvoker.invokeTestMethod(TestInvoker.java:230)\r\n\tat org.testng.internal.invokers.MethodRunner.runInSequence(MethodRunner.java:63)\r\n\tat org.testng.internal.invokers.TestInvoker$MethodInvocationAgent.invoke(TestInvoker.java:992)\r\n\tat org.testng.internal.invokers.TestInvoker.invokeTestMethods(TestInvoker.java:203)\r\n\tat org.testng.internal.invokers.TestMethodWorker.invokeTestMethods(TestMethodWorker.java:154)\r\n\tat org.testng.internal.invokers.TestMethodWorker.run(TestMethodWorker.java:134)\r\n\tat java.base/java.util.ArrayList.forEach(ArrayList.java:1596)\r\n\tat org.testng.TestRunner.privateRun(TestRunner.java:739)\r\n\tat org.testng.TestRunner.run(TestRunner.java:614)\r\n\tat org.testng.SuiteRunner.runTest(SuiteRunner.java:421)\r\n\tat org.testng.SuiteRunner.runSequentially(SuiteRunner.java:413)\r\n\tat org.testng.SuiteRunner.privateRun(SuiteRunner.java:373)\r\n\tat org.testng.SuiteRunner.run(SuiteRunner.java:312)\r\n\tat org.testng.SuiteRunnerWorker.runSuite(SuiteRunnerWorker.java:52)\r\n\tat org.testng.SuiteRunnerWorker.run(SuiteRunnerWorker.java:95)\r\n\tat org.testng.TestNG.runSuitesSequentially(TestNG.java:1274)\r\n\tat org.testng.TestNG.runSuitesLocally(TestNG.java:1208)\r\n\tat org.testng.TestNG.runSuites(TestNG.java:1112)\r\n\tat org.testng.TestNG.run(TestNG.java:1079)\r\n\tat com.intellij.rt.testng.IDEARemoteTestNG.run(IDEARemoteTestNG.java:65)\r\n\tat com.intellij.rt.testng.RemoteTestNGStarter.main(RemoteTestNGStarter.java:105)\r\n","steps":[{"name":"Entering search text: imac","time":{"start":1745341543756,"stop":1745341544824,"duration":1068},"status":"passed","steps":[],"attachments":[],"parameters":[{"name":"s","value":"imac"}],"hasContent":true,"shouldDisplayMessage":false,"attachmentsCount":0,"attachmentStep":false,"stepsCount":0},{"name":"Getting the names of all products","time":{"start":1745341544824,"stop":1745341545537,"duration":713},"status":"passed","steps":[],"attachments":[],"parameters":[],"hasContent":false,"shouldDisplayMessage":false,"attachmentsCount":0,"attachmentStep":false,"stepsCount":0}],"attachments":[{"uid":"80c2da214c55126c","name":"logs","source":"80c2da214c55126c.txt","type":"text/plain","size":32}],"parameters":[],"hasContent":true,"shouldDisplayMessage":true,"attachmentsCount":1,"attachmentStep":false,"stepsCount":2},"afterStages":[{"name":"exitClass","time":{"start":1745341583506,"stop":1745341588048,"duration":4542},"description":"","status":"passed","steps":[],"attachments":[{"uid":"60d0af9e3f06b05f","name":"logs","source":"60d0af9e3f06b05f.txt","type":"text/plain","size":23}],"parameters":[],"hasContent":true,"shouldDisplayMessage":false,"attachmentsCount":1,"attachmentStep":false,"stepsCount":0}],"labels":[{"name":"package","value":"tests.SeachTests"},{"name":"testClass","value":"tests.SeachTests"},{"name":"testMethod","value":"searchWithValidKey"},{"name":"parentSuite","value":"Ecommerce Suite"},{"name":"suite","value":"test"},{"name":"subSuite","value":"tests.SeachTests"},{"name":"host","value":"DESKTOP-6HEQEGA"},{"name":"thread","value":"18552@DESKTOP-6HEQEGA.main(1)"},{"name":"framework","value":"testng"},{"name":"language","value":"java"},{"name":"story","value":"Validate search results"},{"name":"feature","value":"Search Functionality"},{"name":"epic","value":"E-Commerce Search Tests"},{"name":"severity","value":"normal"},{"name":"resultFormat","value":"allure2"}],"parameters":[],"links":[],"hidden":false,"retry":false,"extra":{"severity":"normal","retries":[],"categories":[{"name":"Product defects","matchedStatuses":[],"flaky":false}],"tags":[]},"source":"16e57bec74e6b918.json","parameterValues":[]}